<?xml version="1.0" encoding="UTF-8"?>
<!-- Generated by org.testng.reporters.JUnitXMLReporter -->
<testsuite ignored="1" hostname="WIN-8K4VQ16QB0H" failures="0" tests="1" name="Default test" time="34.18" errors="0" timestamp="2023-08-31T20:34:09 GMT-07:00">
  <testcase classname="Element_Practice.Elements" name="Check_box" time="6.231"/>
  <testcase classname="Element_Practice.Elements" name="Text_Box" time="0.0">
    <ignored/>
  </testcase> <!-- Text_Box -->
</testsuite> <!-- Default test -->
