<?xml version="1.0" encoding="UTF-8"?>
<testng-results ignored="1" total="2" passed="1" failed="0" skipped="0">
  <reporter-output>
  </reporter-output>
  <suite started-at="2023-08-31T20:33:35 GMT-07:00" name="Default suite" finished-at="2023-08-31T20:34:09 GMT-07:00" duration-ms="34180">
    <groups>
    </groups>
    <test started-at="2023-08-31T20:33:35 GMT-07:00" name="Default test" finished-at="2023-08-31T20:34:09 GMT-07:00" duration-ms="34180">
      <class name="Element_Practice.Elements">
        <test-method is-config="true" signature="Base()[pri:0, instance:Element_Practice.Elements@4d0f2471]" started-at="2023-08-31T20:33:35 GMT-07:00" name="Base" finished-at="2023-08-31T20:34:01 GMT-07:00" duration-ms="25664" status="PASS">
          <reporter-output>
          </reporter-output>
        </test-method> <!-- Base -->
        <test-method is-config="true" signature="Elements_Menu()[pri:0, instance:Element_Practice.Elements@4d0f2471]" started-at="2023-08-31T20:34:01 GMT-07:00" name="Elements_Menu" finished-at="2023-08-31T20:34:03 GMT-07:00" duration-ms="2128" status="PASS">
          <reporter-output>
          </reporter-output>
        </test-method> <!-- Elements_Menu -->
        <test-method signature="Check_box()[pri:0, instance:Element_Practice.Elements@4d0f2471]" started-at="2023-08-31T20:34:03 GMT-07:00" name="Check_box" finished-at="2023-08-31T20:34:09 GMT-07:00" duration-ms="6231" status="PASS">
          <reporter-output>
          </reporter-output>
        </test-method> <!-- Check_box -->
        <test-method is-config="true" signature="teardown()[pri:0, instance:Element_Practice.Elements@4d0f2471]" started-at="2023-08-31T20:34:09 GMT-07:00" name="teardown" finished-at="2023-08-31T20:34:09 GMT-07:00" duration-ms="0" status="PASS">
          <reporter-output>
          </reporter-output>
        </test-method> <!-- teardown -->
      </class> <!-- Element_Practice.Elements -->
    </test> <!-- Default test -->
  </suite> <!-- Default suite -->
</testng-results>
